<?xml version="1.0" encoding="utf-8"?><testsuites name="pytest tests"><testsuite name="pytest" errors="0" failures="0" skipped="0" tests="26" time="4.092" timestamp="2026-06-18T20:27:47.447331+00:00" hostname="agent-env-877255e2-1691-43db-80f8-a999dcf8e48a"><testcase classname="backend.tests.test_asesores.TestAsesoresAuth" name="test_create_asesor_requires_auth" time="0.239" /><testcase classname="backend.tests.test_asesores.TestAsesoresAuth" name="test_update_asesor_requires_auth" time="0.050" /><testcase classname="backend.tests.test_asesores.TestAsesoresAuth" name="test_delete_asesor_requires_auth" time="0.043" /><testcase classname="backend.tests.test_asesores.TestAsesoresCRUD" name="test_list_asesores_public" time="0.044" /><testcase classname="backend.tests.test_asesores.TestAsesoresCRUD" name="test_create_asesor" time="0.417" /><testcase classname="backend.tests.test_asesores.TestAsesoresCRUD" name="test_update_asesor" time="0.097" /><testcase classname="backend.tests.test_asesores.TestAsesoresByProvincia" name="test_by_provincia_specific_match" time="0.153" /><testcase classname="backend.tests.test_asesores.TestAsesoresByProvincia" name="test_by_provincia_fallback_general" time="0.085" /><testcase classname="backend.tests.test_asesores.TestAsesoresCleanup" name="test_delete_asesores" time="0.136" /><testcase classname="backend.tests.test_health_auth" name="test_root" time="0.041" /><testcase classname="backend.tests.test_health_auth" name="test_login_success" time="0.264" /><testcase classname="backend.tests.test_health_auth" name="test_login_invalid_password" time="0.267" /><testcase classname="backend.tests.test_leads.TestLeadsAuth" name="test_get_leads_requires_auth" time="0.044" /><testcase classname="backend.tests.test_leads.TestLeadsAuth" name="test_export_xlsx_requires_auth" time="0.043" /><testcase classname="backend.tests.test_leads.TestLeadsCreate" name="test_create_lead_no_auth_required" time="0.043" /><testcase classname="backend.tests.test_leads.TestLeadsCreate" name="test_create_lead_interes_repuesto" time="0.043" /><testcase classname="backend.tests.test_leads.TestLeadsCreate" name="test_create_lead_interes_servicio" time="0.045" /><testcase classname="backend.tests.test_leads.TestLeadsList" name="test_get_leads_with_auth" time="0.049" /><testcase classname="backend.tests.test_leads.TestLeadsExportXlsx" name="test_export_xlsx_content" time="0.228" /><testcase classname="backend.tests.test_regression.TestMotorsRegression" name="test_list_motors" time="0.867" /><testcase classname="backend.tests.test_regression.TestMotorsRegression" name="test_motors_crud_flow" time="0.442" /><testcase classname="backend.tests.test_regression.TestCalendarRegression" name="test_list_calendar" time="0.044" /><testcase classname="backend.tests.test_regression.TestCalendarRegression" name="test_calendar_crud_flow" time="0.134" /><testcase classname="backend.tests.test_regression.TestRepuestosRegression" name="test_list_repuestos" time="0.044" /><testcase classname="backend.tests.test_regression.TestRepuestosRegression" name="test_repuestos_crud" time="0.087" /><testcase classname="backend.tests.test_regression.TestConfigRegression" name="test_get_config" time="0.081" /></testsuite></testsuites>